[INFO  - 2015-07-08T09:24:25.051Z] GhostDriver - Main - running on port 13858
[INFO  - 2015-07-08T09:24:25.900Z] Session [204934d0-2553-11e5-8360-6d11e3acd386] - page.settings - {"XSSAuditingEnabled":false,"javascriptCanCloseWindows":true,"javascriptCanOpenWindows":true,"javascriptEnabled":true,"loadImages":true,"localToRemoteUrlAccessEnabled":false,"userAgent":"Mozilla/5.0 (Windows NT 6.1; WOW64) AppleWebKit/538.1 (KHTML, like Gecko) PhantomJS/2.0.0 Safari/538.1","webSecurityEnabled":true}
[INFO  - 2015-07-08T09:24:25.900Z] Session [204934d0-2553-11e5-8360-6d11e3acd386] - page.customHeaders:  - {}
[INFO  - 2015-07-08T09:24:25.901Z] Session [204934d0-2553-11e5-8360-6d11e3acd386] - Session.negotiatedCapabilities - {"browserName":"phantomjs","version":"2.0.0","driverName":"ghostdriver","driverVersion":"1.2.0","platform":"windows-7-32bit","javascriptEnabled":true,"takesScreenshot":true,"handlesAlerts":false,"databaseEnabled":false,"locationContextEnabled":false,"applicationCacheEnabled":false,"browserConnectionEnabled":false,"cssSelectorsEnabled":true,"webStorageEnabled":false,"rotatable":false,"acceptSslCerts":false,"nativeEvents":true,"proxy":{"proxyType":"direct"}}
[INFO  - 2015-07-08T09:24:25.901Z] SessionManagerReqHand - _postNewSessionCommand - New Session Created: 204934d0-2553-11e5-8360-6d11e3acd386
[INFO  - 2015-07-08T09:24:35.423Z] ShutdownReqHand - _handle - About to shutdown
[INFO  - 2015-07-18T17:24:25.467Z] GhostDriver - Main - running on port 29191
[INFO  - 2015-07-18T17:24:26.574Z] Session [d6ef9cd0-2d71-11e5-a4b3-bf48e4e0bcc7] - page.settings - {"XSSAuditingEnabled":false,"javascriptCanCloseWindows":true,"javascriptCanOpenWindows":true,"javascriptEnabled":true,"loadImages":true,"localToRemoteUrlAccessEnabled":false,"userAgent":"Mozilla/5.0 (Windows NT 6.1; WOW64) AppleWebKit/538.1 (KHTML, like Gecko) PhantomJS/2.0.0 Safari/538.1","webSecurityEnabled":true}
[INFO  - 2015-07-18T17:24:26.575Z] Session [d6ef9cd0-2d71-11e5-a4b3-bf48e4e0bcc7] - page.customHeaders:  - {}
[INFO  - 2015-07-18T17:24:26.575Z] Session [d6ef9cd0-2d71-11e5-a4b3-bf48e4e0bcc7] - Session.negotiatedCapabilities - {"browserName":"phantomjs","version":"2.0.0","driverName":"ghostdriver","driverVersion":"1.2.0","platform":"windows-7-32bit","javascriptEnabled":true,"takesScreenshot":true,"handlesAlerts":false,"databaseEnabled":false,"locationContextEnabled":false,"applicationCacheEnabled":false,"browserConnectionEnabled":false,"cssSelectorsEnabled":true,"webStorageEnabled":false,"rotatable":false,"acceptSslCerts":false,"nativeEvents":true,"proxy":{"proxyType":"direct"}}
[INFO  - 2015-07-18T17:24:26.575Z] SessionManagerReqHand - _postNewSessionCommand - New Session Created: d6ef9cd0-2d71-11e5-a4b3-bf48e4e0bcc7
[INFO  - 2015-07-18T17:25:12.451Z] GhostDriver - Main - running on port 4216
[INFO  - 2015-07-18T17:25:13.362Z] Session [f2d7ee20-2d71-11e5-bc10-adfaaf989953] - page.settings - {"XSSAuditingEnabled":false,"javascriptCanCloseWindows":true,"javascriptCanOpenWindows":true,"javascriptEnabled":true,"loadImages":true,"localToRemoteUrlAccessEnabled":false,"userAgent":"Mozilla/5.0 (Windows NT 6.1; WOW64) AppleWebKit/538.1 (KHTML, like Gecko) PhantomJS/2.0.0 Safari/538.1","webSecurityEnabled":true}
[INFO  - 2015-07-18T17:25:13.362Z] Session [f2d7ee20-2d71-11e5-bc10-adfaaf989953] - page.customHeaders:  - {}
[INFO  - 2015-07-18T17:25:13.363Z] Session [f2d7ee20-2d71-11e5-bc10-adfaaf989953] - Session.negotiatedCapabilities - {"browserName":"phantomjs","version":"2.0.0","driverName":"ghostdriver","driverVersion":"1.2.0","platform":"windows-7-32bit","javascriptEnabled":true,"takesScreenshot":true,"handlesAlerts":false,"databaseEnabled":false,"locationContextEnabled":false,"applicationCacheEnabled":false,"browserConnectionEnabled":false,"cssSelectorsEnabled":true,"webStorageEnabled":false,"rotatable":false,"acceptSslCerts":false,"nativeEvents":true,"proxy":{"proxyType":"direct"}}
[INFO  - 2015-07-18T17:25:13.363Z] SessionManagerReqHand - _postNewSessionCommand - New Session Created: f2d7ee20-2d71-11e5-bc10-adfaaf989953
[INFO  - 2015-07-18T17:27:08.394Z] GhostDriver - Main - running on port 34331
[INFO  - 2015-07-18T17:27:09.200Z] Session [37e38f10-2d72-11e5-8347-dde1291440a9] - page.settings - {"XSSAuditingEnabled":false,"javascriptCanCloseWindows":true,"javascriptCanOpenWindows":true,"javascriptEnabled":true,"loadImages":true,"localToRemoteUrlAccessEnabled":false,"userAgent":"Mozilla/5.0 (Windows NT 6.1; WOW64) AppleWebKit/538.1 (KHTML, like Gecko) PhantomJS/2.0.0 Safari/538.1","webSecurityEnabled":true}
[INFO  - 2015-07-18T17:27:09.200Z] Session [37e38f10-2d72-11e5-8347-dde1291440a9] - page.customHeaders:  - {}
[INFO  - 2015-07-18T17:27:09.201Z] Session [37e38f10-2d72-11e5-8347-dde1291440a9] - Session.negotiatedCapabilities - {"browserName":"phantomjs","version":"2.0.0","driverName":"ghostdriver","driverVersion":"1.2.0","platform":"windows-7-32bit","javascriptEnabled":true,"takesScreenshot":true,"handlesAlerts":false,"databaseEnabled":false,"locationContextEnabled":false,"applicationCacheEnabled":false,"browserConnectionEnabled":false,"cssSelectorsEnabled":true,"webStorageEnabled":false,"rotatable":false,"acceptSslCerts":false,"nativeEvents":true,"proxy":{"proxyType":"direct"}}
[INFO  - 2015-07-18T17:27:09.201Z] SessionManagerReqHand - _postNewSessionCommand - New Session Created: 37e38f10-2d72-11e5-8347-dde1291440a9
[INFO  - 2015-07-18T17:32:08.398Z] SessionManagerReqHand - _cleanupWindowlessSessions - Asynchronous Sessions clean-up phase starting NOW
[INFO  - 2015-07-18T17:36:15.034Z] GhostDriver - Main - running on port 30654
[INFO  - 2015-07-18T17:36:15.291Z] Session [7d638030-2d73-11e5-aafd-0768677bd36d] - page.settings - {"XSSAuditingEnabled":false,"javascriptCanCloseWindows":true,"javascriptCanOpenWindows":true,"javascriptEnabled":true,"loadImages":true,"localToRemoteUrlAccessEnabled":false,"userAgent":"Mozilla/5.0 (Windows NT 6.1; WOW64) AppleWebKit/538.1 (KHTML, like Gecko) PhantomJS/2.0.0 Safari/538.1","webSecurityEnabled":true}
[INFO  - 2015-07-18T17:36:15.292Z] Session [7d638030-2d73-11e5-aafd-0768677bd36d] - page.customHeaders:  - {}
[INFO  - 2015-07-18T17:36:15.292Z] Session [7d638030-2d73-11e5-aafd-0768677bd36d] - Session.negotiatedCapabilities - {"browserName":"phantomjs","version":"2.0.0","driverName":"ghostdriver","driverVersion":"1.2.0","platform":"windows-7-32bit","javascriptEnabled":true,"takesScreenshot":true,"handlesAlerts":false,"databaseEnabled":false,"locationContextEnabled":false,"applicationCacheEnabled":false,"browserConnectionEnabled":false,"cssSelectorsEnabled":true,"webStorageEnabled":false,"rotatable":false,"acceptSslCerts":false,"nativeEvents":true,"proxy":{"proxyType":"direct"}}
[INFO  - 2015-07-18T17:36:15.292Z] SessionManagerReqHand - _postNewSessionCommand - New Session Created: 7d638030-2d73-11e5-aafd-0768677bd36d
